<?xml version='1.0' encoding='UTF-8' ?>
<testsuite name="com.example.dogglers.ButtonTests" tests="1" failures="0" errors="0" skipped="0" time="4.761" timestamp="2022-06-04T09:28:50" hostname="localhost">
  <properties>
    <property name="device" value="CPH1909 - 8.1.0" />
    <property name="flavor" value="" />
    <property name="project" value=":app" />
  </properties>
  <testcase name="horizontal_list_button_is_displayed" classname="com.example.dogglers.ButtonTests" time="3.09" />
</testsuite>